ERROR - 2025-04-29 00:23:44 --> Gemini API Error: 22 : The requested URL returned error: 404 
ERROR - 2025-04-29 00:30:59 --> Gemini API Error: 22 : The requested URL returned error: 404 
ERROR - 2025-04-29 02:54:54 --> Gemini API Error: 22 : The requested URL returned error: 404 
ERROR - 2025-04-29 03:02:37 --> Gemini API Error: 22 : The requested URL returned error: 404 
ERROR - 2025-04-29 03:02:42 --> Gemini API Error: 22 : The requested URL returned error: 404 
ERROR - 2025-04-29 04:25:52 --> Gemini API Error: 22 : The requested URL returned error: 404 
ERROR - 2025-04-29 04:45:47 --> Gemini API Error: 22 : The requested URL returned error: 404 
ERROR - 2025-04-29 04:47:47 --> Gemini API Error: 22 : The requested URL returned error: 404 
ERROR - 2025-04-29 04:48:48 --> Gemini API Error: 22 : The requested URL returned error: 404 
ERROR - 2025-04-29 05:02:42 --> Gemini API Error: 22 : The requested URL returned error: 404 
ERROR - 2025-04-29 05:03:25 --> Gemini API Error: 22 : The requested URL returned error: 404 
ERROR - 2025-04-29 05:03:40 --> Gemini API Error: 22 : The requested URL returned error: 404 
ERROR - 2025-04-29 05:06:50 --> Gemini API Error: 22 : The requested URL returned error: 404 
ERROR - 2025-04-29 05:06:50 --> Gemini API Error: 22 : The requested URL returned error: 404 
ERROR - 2025-04-29 05:11:30 --> Gemini API Error: 22 : The requested URL returned error: 404 
ERROR - 2025-04-29 05:35:43 --> Gemini API Error: 22 : The requested URL returned error: 404 
ERROR - 2025-04-29 05:50:17 --> Gemini API Error: 22 : The requested URL returned error: 404 
ERROR - 2025-04-29 06:22:02 --> Gemini API Error: 22 : The requested URL returned error: 404 
ERROR - 2025-04-29 06:22:03 --> Gemini API Error: 22 : The requested URL returned error: 404 
ERROR - 2025-04-29 06:45:16 --> Gemini API Error: 22 : The requested URL returned error: 404 
ERROR - 2025-04-29 07:00:30 --> Gemini API Error: 22 : The requested URL returned error: 404 
ERROR - 2025-04-29 07:48:12 --> Gemini API Error: 22 : The requested URL returned error: 404 
ERROR - 2025-04-29 08:13:37 --> Gemini API Error: 22 : The requested URL returned error: 404 
ERROR - 2025-04-29 09:38:58 --> Gemini API Error: 22 : The requested URL returned error: 404 
ERROR - 2025-04-29 09:41:13 --> Gemini API Error: 22 : The requested URL returned error: 404 
ERROR - 2025-04-29 09:41:13 --> Gemini API Error: 22 : The requested URL returned error: 404 
ERROR - 2025-04-29 09:44:24 --> Gemini API Error: 22 : The requested URL returned error: 404 
ERROR - 2025-04-29 09:55:29 --> Gemini API Error: 22 : The requested URL returned error: 404 
ERROR - 2025-04-29 11:07:18 --> Gemini API Error: 22 : The requested URL returned error: 404 
ERROR - 2025-04-29 12:04:27 --> Gemini API Error: 22 : The requested URL returned error: 404 
ERROR - 2025-04-29 13:13:59 --> Gemini API Error: 22 : The requested URL returned error: 404 
CRITICAL - 2025-04-29 13:50:27 --> Error: Class "App\Models\ResponseModel" not found
[Method: GET, Route: udara/fetch-send]
in APPPATH/Controllers/AuthController.php on line 308.
 1 SYSTEMPATH/CodeIgniter.php(933): App\Controllers\AuthController->fetchAndSend()
 2 SYSTEMPATH/CodeIgniter.php(507): CodeIgniter\CodeIgniter->runController()
 3 SYSTEMPATH/CodeIgniter.php(354): CodeIgniter\CodeIgniter->handleRequest()
 4 SYSTEMPATH/Boot.php(334): CodeIgniter\CodeIgniter->run()
 5 SYSTEMPATH/Boot.php(67): CodeIgniter\Boot::runCodeIgniter()
 6 FCPATH/index.php(56): CodeIgniter\Boot::bootWeb()
ERROR - 2025-04-29 13:58:40 --> mysqli_sql_exception: Unknown column 'created_at' in 'field list' in /var/www/udara/system/Database/MySQLi/Connection.php:327
Stack trace:
#0 /var/www/udara/system/Database/MySQLi/Connection.php(327): mysqli->query()
#1 /var/www/udara/system/Database/BaseConnection.php(738): CodeIgniter\Database\MySQLi\Connection->execute()
#2 /var/www/udara/system/Database/BaseConnection.php(652): CodeIgniter\Database\BaseConnection->simpleQuery()
#3 /var/www/udara/system/Database/BaseBuilder.php(2345): CodeIgniter\Database\BaseConnection->query()
#4 /var/www/udara/system/Model.php(394): CodeIgniter\Database\BaseBuilder->insert()
#5 /var/www/udara/system/BaseModel.php(839): CodeIgniter\Model->doInsert()
#6 /var/www/udara/system/Model.php(800): CodeIgniter\BaseModel->insert()
#7 /var/www/udara/system/BaseModel.php(750): CodeIgniter\Model->insert()
#8 /var/www/udara/app/Controllers/AuthController.php(313): CodeIgniter\BaseModel->save()
#9 /var/www/udara/system/CodeIgniter.php(933): App\Controllers\AuthController->fetchAndSend()
#10 /var/www/udara/system/CodeIgniter.php(507): CodeIgniter\CodeIgniter->runController()
#11 /var/www/udara/system/CodeIgniter.php(354): CodeIgniter\CodeIgniter->handleRequest()
#12 /var/www/udara/system/Boot.php(334): CodeIgniter\CodeIgniter->run()
#13 /var/www/udara/system/Boot.php(67): CodeIgniter\Boot::runCodeIgniter()
#14 /var/www/udara/public/index.php(56): CodeIgniter\Boot::bootWeb()
#15 {main}
CRITICAL - 2025-04-29 13:58:40 --> CodeIgniter\Database\Exceptions\DatabaseException: Unknown column 'created_at' in 'field list'
[Method: GET, Route: udara/fetch-send]
in SYSTEMPATH/Database/BaseConnection.php on line 692.
 1 SYSTEMPATH/Database/BaseBuilder.php(2345): CodeIgniter\Database\BaseConnection->query()
 2 SYSTEMPATH/Model.php(394): CodeIgniter\Database\BaseBuilder->insert()
 3 SYSTEMPATH/BaseModel.php(839): CodeIgniter\Model->doInsert()
 4 SYSTEMPATH/Model.php(800): CodeIgniter\BaseModel->insert()
 5 SYSTEMPATH/BaseModel.php(750): CodeIgniter\Model->insert()
 6 APPPATH/Controllers/AuthController.php(313): CodeIgniter\BaseModel->save()
 7 SYSTEMPATH/CodeIgniter.php(933): App\Controllers\AuthController->fetchAndSend()
 8 SYSTEMPATH/CodeIgniter.php(507): CodeIgniter\CodeIgniter->runController()
 9 SYSTEMPATH/CodeIgniter.php(354): CodeIgniter\CodeIgniter->handleRequest()
10 SYSTEMPATH/Boot.php(334): CodeIgniter\CodeIgniter->run()
11 SYSTEMPATH/Boot.php(67): CodeIgniter\Boot::runCodeIgniter()
12 FCPATH/index.php(56): CodeIgniter\Boot::bootWeb()
CRITICAL - 2025-04-29 13:58:40 --> [Caused by] CodeIgniter\Database\Exceptions\DatabaseException: Unknown column 'created_at' in 'field list'
in SYSTEMPATH/Database/MySQLi/Connection.php on line 332.
 1 SYSTEMPATH/Database/BaseConnection.php(738): CodeIgniter\Database\MySQLi\Connection->execute()
 2 SYSTEMPATH/Database/BaseConnection.php(652): CodeIgniter\Database\BaseConnection->simpleQuery()
 3 SYSTEMPATH/Database/BaseBuilder.php(2345): CodeIgniter\Database\BaseConnection->query()
 4 SYSTEMPATH/Model.php(394): CodeIgniter\Database\BaseBuilder->insert()
 5 SYSTEMPATH/BaseModel.php(839): CodeIgniter\Model->doInsert()
 6 SYSTEMPATH/Model.php(800): CodeIgniter\BaseModel->insert()
 7 SYSTEMPATH/BaseModel.php(750): CodeIgniter\Model->insert()
 8 APPPATH/Controllers/AuthController.php(313): CodeIgniter\BaseModel->save()
 9 SYSTEMPATH/CodeIgniter.php(933): App\Controllers\AuthController->fetchAndSend()
10 SYSTEMPATH/CodeIgniter.php(507): CodeIgniter\CodeIgniter->runController()
11 SYSTEMPATH/CodeIgniter.php(354): CodeIgniter\CodeIgniter->handleRequest()
12 SYSTEMPATH/Boot.php(334): CodeIgniter\CodeIgniter->run()
13 SYSTEMPATH/Boot.php(67): CodeIgniter\Boot::runCodeIgniter()
14 FCPATH/index.php(56): CodeIgniter\Boot::bootWeb()
CRITICAL - 2025-04-29 13:58:40 --> [Caused by] mysqli_sql_exception: Unknown column 'created_at' in 'field list'
in SYSTEMPATH/Database/MySQLi/Connection.php on line 327.
 1 SYSTEMPATH/Database/MySQLi/Connection.php(327): mysqli->query()
 2 SYSTEMPATH/Database/BaseConnection.php(738): CodeIgniter\Database\MySQLi\Connection->execute()
 3 SYSTEMPATH/Database/BaseConnection.php(652): CodeIgniter\Database\BaseConnection->simpleQuery()
 4 SYSTEMPATH/Database/BaseBuilder.php(2345): CodeIgniter\Database\BaseConnection->query()
 5 SYSTEMPATH/Model.php(394): CodeIgniter\Database\BaseBuilder->insert()
 6 SYSTEMPATH/BaseModel.php(839): CodeIgniter\Model->doInsert()
 7 SYSTEMPATH/Model.php(800): CodeIgniter\BaseModel->insert()
 8 SYSTEMPATH/BaseModel.php(750): CodeIgniter\Model->insert()
 9 APPPATH/Controllers/AuthController.php(313): CodeIgniter\BaseModel->save()
10 SYSTEMPATH/CodeIgniter.php(933): App\Controllers\AuthController->fetchAndSend()
11 SYSTEMPATH/CodeIgniter.php(507): CodeIgniter\CodeIgniter->runController()
12 SYSTEMPATH/CodeIgniter.php(354): CodeIgniter\CodeIgniter->handleRequest()
13 SYSTEMPATH/Boot.php(334): CodeIgniter\CodeIgniter->run()
14 SYSTEMPATH/Boot.php(67): CodeIgniter\Boot::runCodeIgniter()
15 FCPATH/index.php(56): CodeIgniter\Boot::bootWeb()
ERROR - 2025-04-29 14:00:02 --> mysqli_sql_exception: Unknown column 'created_at' in 'field list' in /var/www/udara/system/Database/MySQLi/Connection.php:327
Stack trace:
#0 /var/www/udara/system/Database/MySQLi/Connection.php(327): mysqli->query()
#1 /var/www/udara/system/Database/BaseConnection.php(738): CodeIgniter\Database\MySQLi\Connection->execute()
#2 /var/www/udara/system/Database/BaseConnection.php(652): CodeIgniter\Database\BaseConnection->simpleQuery()
#3 /var/www/udara/system/Database/BaseBuilder.php(2345): CodeIgniter\Database\BaseConnection->query()
#4 /var/www/udara/system/Model.php(394): CodeIgniter\Database\BaseBuilder->insert()
#5 /var/www/udara/system/BaseModel.php(839): CodeIgniter\Model->doInsert()
#6 /var/www/udara/system/Model.php(800): CodeIgniter\BaseModel->insert()
#7 /var/www/udara/system/BaseModel.php(750): CodeIgniter\Model->insert()
#8 /var/www/udara/app/Controllers/AuthController.php(313): CodeIgniter\BaseModel->save()
#9 /var/www/udara/system/CodeIgniter.php(933): App\Controllers\AuthController->fetchAndSend()
#10 /var/www/udara/system/CodeIgniter.php(507): CodeIgniter\CodeIgniter->runController()
#11 /var/www/udara/system/CodeIgniter.php(354): CodeIgniter\CodeIgniter->handleRequest()
#12 /var/www/udara/system/Boot.php(334): CodeIgniter\CodeIgniter->run()
#13 /var/www/udara/system/Boot.php(67): CodeIgniter\Boot::runCodeIgniter()
#14 /var/www/udara/public/index.php(56): CodeIgniter\Boot::bootWeb()
#15 {main}
CRITICAL - 2025-04-29 14:00:02 --> CodeIgniter\Database\Exceptions\DatabaseException: Unknown column 'created_at' in 'field list'
[Method: GET, Route: udara/fetch-send]
in SYSTEMPATH/Database/BaseConnection.php on line 692.
 1 SYSTEMPATH/Database/BaseBuilder.php(2345): CodeIgniter\Database\BaseConnection->query()
 2 SYSTEMPATH/Model.php(394): CodeIgniter\Database\BaseBuilder->insert()
 3 SYSTEMPATH/BaseModel.php(839): CodeIgniter\Model->doInsert()
 4 SYSTEMPATH/Model.php(800): CodeIgniter\BaseModel->insert()
 5 SYSTEMPATH/BaseModel.php(750): CodeIgniter\Model->insert()
 6 APPPATH/Controllers/AuthController.php(313): CodeIgniter\BaseModel->save()
 7 SYSTEMPATH/CodeIgniter.php(933): App\Controllers\AuthController->fetchAndSend()
 8 SYSTEMPATH/CodeIgniter.php(507): CodeIgniter\CodeIgniter->runController()
 9 SYSTEMPATH/CodeIgniter.php(354): CodeIgniter\CodeIgniter->handleRequest()
10 SYSTEMPATH/Boot.php(334): CodeIgniter\CodeIgniter->run()
11 SYSTEMPATH/Boot.php(67): CodeIgniter\Boot::runCodeIgniter()
12 FCPATH/index.php(56): CodeIgniter\Boot::bootWeb()
CRITICAL - 2025-04-29 14:00:02 --> [Caused by] CodeIgniter\Database\Exceptions\DatabaseException: Unknown column 'created_at' in 'field list'
in SYSTEMPATH/Database/MySQLi/Connection.php on line 332.
 1 SYSTEMPATH/Database/BaseConnection.php(738): CodeIgniter\Database\MySQLi\Connection->execute()
 2 SYSTEMPATH/Database/BaseConnection.php(652): CodeIgniter\Database\BaseConnection->simpleQuery()
 3 SYSTEMPATH/Database/BaseBuilder.php(2345): CodeIgniter\Database\BaseConnection->query()
 4 SYSTEMPATH/Model.php(394): CodeIgniter\Database\BaseBuilder->insert()
 5 SYSTEMPATH/BaseModel.php(839): CodeIgniter\Model->doInsert()
 6 SYSTEMPATH/Model.php(800): CodeIgniter\BaseModel->insert()
 7 SYSTEMPATH/BaseModel.php(750): CodeIgniter\Model->insert()
 8 APPPATH/Controllers/AuthController.php(313): CodeIgniter\BaseModel->save()
 9 SYSTEMPATH/CodeIgniter.php(933): App\Controllers\AuthController->fetchAndSend()
10 SYSTEMPATH/CodeIgniter.php(507): CodeIgniter\CodeIgniter->runController()
11 SYSTEMPATH/CodeIgniter.php(354): CodeIgniter\CodeIgniter->handleRequest()
12 SYSTEMPATH/Boot.php(334): CodeIgniter\CodeIgniter->run()
13 SYSTEMPATH/Boot.php(67): CodeIgniter\Boot::runCodeIgniter()
14 FCPATH/index.php(56): CodeIgniter\Boot::bootWeb()
CRITICAL - 2025-04-29 14:00:02 --> [Caused by] mysqli_sql_exception: Unknown column 'created_at' in 'field list'
in SYSTEMPATH/Database/MySQLi/Connection.php on line 327.
 1 SYSTEMPATH/Database/MySQLi/Connection.php(327): mysqli->query()
 2 SYSTEMPATH/Database/BaseConnection.php(738): CodeIgniter\Database\MySQLi\Connection->execute()
 3 SYSTEMPATH/Database/BaseConnection.php(652): CodeIgniter\Database\BaseConnection->simpleQuery()
 4 SYSTEMPATH/Database/BaseBuilder.php(2345): CodeIgniter\Database\BaseConnection->query()
 5 SYSTEMPATH/Model.php(394): CodeIgniter\Database\BaseBuilder->insert()
 6 SYSTEMPATH/BaseModel.php(839): CodeIgniter\Model->doInsert()
 7 SYSTEMPATH/Model.php(800): CodeIgniter\BaseModel->insert()
 8 SYSTEMPATH/BaseModel.php(750): CodeIgniter\Model->insert()
 9 APPPATH/Controllers/AuthController.php(313): CodeIgniter\BaseModel->save()
10 SYSTEMPATH/CodeIgniter.php(933): App\Controllers\AuthController->fetchAndSend()
11 SYSTEMPATH/CodeIgniter.php(507): CodeIgniter\CodeIgniter->runController()
12 SYSTEMPATH/CodeIgniter.php(354): CodeIgniter\CodeIgniter->handleRequest()
13 SYSTEMPATH/Boot.php(334): CodeIgniter\CodeIgniter->run()
14 SYSTEMPATH/Boot.php(67): CodeIgniter\Boot::runCodeIgniter()
15 FCPATH/index.php(56): CodeIgniter\Boot::bootWeb()
CRITICAL - 2025-04-29 14:46:11 --> ErrorException: Undefined property: App\Controllers\AuthController::$load
[Method: GET, Route: admin/getNotifications]
in APPPATH/Controllers/AuthController.php on line 357.
 1 APPPATH/Controllers/AuthController.php(357): CodeIgniter\Debug\Exceptions->errorHandler()
 2 SYSTEMPATH/CodeIgniter.php(933): App\Controllers\AuthController->getNotifications()
 3 SYSTEMPATH/CodeIgniter.php(507): CodeIgniter\CodeIgniter->runController()
 4 SYSTEMPATH/CodeIgniter.php(354): CodeIgniter\CodeIgniter->handleRequest()
 5 SYSTEMPATH/Boot.php(334): CodeIgniter\CodeIgniter->run()
 6 SYSTEMPATH/Boot.php(67): CodeIgniter\Boot::runCodeIgniter()
 7 FCPATH/index.php(56): CodeIgniter\Boot::bootWeb()
CRITICAL - 2025-04-29 14:46:19 --> ErrorException: Undefined property: App\Controllers\AuthController::$load
[Method: GET, Route: admin/getNotifications]
in APPPATH/Controllers/AuthController.php on line 357.
 1 APPPATH/Controllers/AuthController.php(357): CodeIgniter\Debug\Exceptions->errorHandler()
 2 SYSTEMPATH/CodeIgniter.php(933): App\Controllers\AuthController->getNotifications()
 3 SYSTEMPATH/CodeIgniter.php(507): CodeIgniter\CodeIgniter->runController()
 4 SYSTEMPATH/CodeIgniter.php(354): CodeIgniter\CodeIgniter->handleRequest()
 5 SYSTEMPATH/Boot.php(334): CodeIgniter\CodeIgniter->run()
 6 SYSTEMPATH/Boot.php(67): CodeIgniter\Boot::runCodeIgniter()
 7 FCPATH/index.php(56): CodeIgniter\Boot::bootWeb()
CRITICAL - 2025-04-29 14:46:23 --> ErrorException: Undefined property: App\Controllers\AuthController::$load
[Method: GET, Route: admin/getNotifications]
in APPPATH/Controllers/AuthController.php on line 357.
 1 APPPATH/Controllers/AuthController.php(357): CodeIgniter\Debug\Exceptions->errorHandler()
 2 SYSTEMPATH/CodeIgniter.php(933): App\Controllers\AuthController->getNotifications()
 3 SYSTEMPATH/CodeIgniter.php(507): CodeIgniter\CodeIgniter->runController()
 4 SYSTEMPATH/CodeIgniter.php(354): CodeIgniter\CodeIgniter->handleRequest()
 5 SYSTEMPATH/Boot.php(334): CodeIgniter\CodeIgniter->run()
 6 SYSTEMPATH/Boot.php(67): CodeIgniter\Boot::runCodeIgniter()
 7 FCPATH/index.php(56): CodeIgniter\Boot::bootWeb()
ERROR - 2025-04-29 15:05:10 --> Gemini API Error: 22 : The requested URL returned error: 404 
CRITICAL - 2025-04-29 15:12:39 --> ErrorException: Undefined property: stdClass::$aqi_pm25
[Method: GET, Route: analytics]
in APPPATH/Views/analytics.php on line 790.
 1 APPPATH/Views/analytics.php(790): CodeIgniter\Debug\Exceptions->errorHandler()
 2 [internal function]: CodeIgniter\View\View->{closure}()
 3 APPPATH/Views/analytics.php(791): array_map()
 4 SYSTEMPATH/View/View.php(224): include('/var/www/udara/app/Views/analytics.php')
 5 SYSTEMPATH/View/View.php(227): CodeIgniter\View\View->CodeIgniter\View\{closure}()
 6 SYSTEMPATH/Common.php(1173): CodeIgniter\View\View->render()
 7 APPPATH/Controllers/Home.php(269): view()
 8 SYSTEMPATH/CodeIgniter.php(933): App\Controllers\Home->analytics()
 9 SYSTEMPATH/CodeIgniter.php(507): CodeIgniter\CodeIgniter->runController()
10 SYSTEMPATH/CodeIgniter.php(354): CodeIgniter\CodeIgniter->handleRequest()
11 SYSTEMPATH/Boot.php(334): CodeIgniter\CodeIgniter->run()
12 SYSTEMPATH/Boot.php(67): CodeIgniter\Boot::runCodeIgniter()
13 FCPATH/index.php(56): CodeIgniter\Boot::bootWeb()
ERROR - 2025-04-29 15:15:39 --> Gemini API Error: 22 : The requested URL returned error: 404 
ERROR - 2025-04-29 15:16:09 --> Gemini API Error: 22 : The requested URL returned error: 404 
ERROR - 2025-04-29 15:18:02 --> Gemini API Error: 22 : The requested URL returned error: 404 
CRITICAL - 2025-04-29 15:35:57 --> ErrorException: Undefined variable $latest_aqi
[Method: GET, Route: analytics]
in APPPATH/Views/analytics.php on line 629.
 1 APPPATH/Views/analytics.php(629): CodeIgniter\Debug\Exceptions->errorHandler()
 2 SYSTEMPATH/View/View.php(224): include('/var/www/udara/app/Views/analytics.php')
 3 SYSTEMPATH/View/View.php(227): CodeIgniter\View\View->CodeIgniter\View\{closure}()
 4 SYSTEMPATH/Common.php(1173): CodeIgniter\View\View->render()
 5 APPPATH/Controllers/Home.php(269): view()
 6 SYSTEMPATH/CodeIgniter.php(933): App\Controllers\Home->analytics()
 7 SYSTEMPATH/CodeIgniter.php(507): CodeIgniter\CodeIgniter->runController()
 8 SYSTEMPATH/CodeIgniter.php(354): CodeIgniter\CodeIgniter->handleRequest()
 9 SYSTEMPATH/Boot.php(334): CodeIgniter\CodeIgniter->run()
10 SYSTEMPATH/Boot.php(67): CodeIgniter\Boot::runCodeIgniter()
11 FCPATH/index.php(56): CodeIgniter\Boot::bootWeb()
CRITICAL - 2025-04-29 15:36:48 --> ErrorException: Undefined property: stdClass::$ispu_pm25
[Method: GET, Route: analytics]
in APPPATH/Views/analytics.php on line 806.
 1 APPPATH/Views/analytics.php(806): CodeIgniter\Debug\Exceptions->errorHandler()
 2 [internal function]: CodeIgniter\View\View->{closure}()
 3 APPPATH/Views/analytics.php(807): array_map()
 4 SYSTEMPATH/View/View.php(224): include('/var/www/udara/app/Views/analytics.php')
 5 SYSTEMPATH/View/View.php(227): CodeIgniter\View\View->CodeIgniter\View\{closure}()
 6 SYSTEMPATH/Common.php(1173): CodeIgniter\View\View->render()
 7 APPPATH/Controllers/Home.php(284): view()
 8 SYSTEMPATH/CodeIgniter.php(933): App\Controllers\Home->analytics()
 9 SYSTEMPATH/CodeIgniter.php(507): CodeIgniter\CodeIgniter->runController()
10 SYSTEMPATH/CodeIgniter.php(354): CodeIgniter\CodeIgniter->handleRequest()
11 SYSTEMPATH/Boot.php(334): CodeIgniter\CodeIgniter->run()
12 SYSTEMPATH/Boot.php(67): CodeIgniter\Boot::runCodeIgniter()
13 FCPATH/index.php(56): CodeIgniter\Boot::bootWeb()
CRITICAL - 2025-04-29 15:38:20 --> ErrorException: Undefined property: stdClass::$ispu_pm25
[Method: GET, Route: analytics]
in APPPATH/Views/analytics.php on line 806.
 1 APPPATH/Views/analytics.php(806): CodeIgniter\Debug\Exceptions->errorHandler()
 2 [internal function]: CodeIgniter\View\View->{closure}()
 3 APPPATH/Views/analytics.php(807): array_map()
 4 SYSTEMPATH/View/View.php(224): include('/var/www/udara/app/Views/analytics.php')
 5 SYSTEMPATH/View/View.php(227): CodeIgniter\View\View->CodeIgniter\View\{closure}()
 6 SYSTEMPATH/Common.php(1173): CodeIgniter\View\View->render()
 7 APPPATH/Controllers/Home.php(284): view()
 8 SYSTEMPATH/CodeIgniter.php(933): App\Controllers\Home->analytics()
 9 SYSTEMPATH/CodeIgniter.php(507): CodeIgniter\CodeIgniter->runController()
10 SYSTEMPATH/CodeIgniter.php(354): CodeIgniter\CodeIgniter->handleRequest()
11 SYSTEMPATH/Boot.php(334): CodeIgniter\CodeIgniter->run()
12 SYSTEMPATH/Boot.php(67): CodeIgniter\Boot::runCodeIgniter()
13 FCPATH/index.php(56): CodeIgniter\Boot::bootWeb()
ERROR - 2025-04-29 15:40:12 --> Gemini API Error: 22 : The requested URL returned error: 404 
CRITICAL - 2025-04-29 15:41:13 --> ErrorException: Undefined property: stdClass::$aqi_pm25
[Method: GET, Route: analytics]
in APPPATH/Views/analytics.php on line 806.
 1 APPPATH/Views/analytics.php(806): CodeIgniter\Debug\Exceptions->errorHandler()
 2 [internal function]: CodeIgniter\View\View->{closure}()
 3 APPPATH/Views/analytics.php(807): array_map()
 4 SYSTEMPATH/View/View.php(224): include('/var/www/udara/app/Views/analytics.php')
 5 SYSTEMPATH/View/View.php(227): CodeIgniter\View\View->CodeIgniter\View\{closure}()
 6 SYSTEMPATH/Common.php(1173): CodeIgniter\View\View->render()
 7 APPPATH/Controllers/Home.php(284): view()
 8 SYSTEMPATH/CodeIgniter.php(933): App\Controllers\Home->analytics()
 9 SYSTEMPATH/CodeIgniter.php(507): CodeIgniter\CodeIgniter->runController()
10 SYSTEMPATH/CodeIgniter.php(354): CodeIgniter\CodeIgniter->handleRequest()
11 SYSTEMPATH/Boot.php(334): CodeIgniter\CodeIgniter->run()
12 SYSTEMPATH/Boot.php(67): CodeIgniter\Boot::runCodeIgniter()
13 FCPATH/index.php(56): CodeIgniter\Boot::bootWeb()
CRITICAL - 2025-04-29 15:45:58 --> ErrorException: Undefined property: stdClass::$ispu_pm25
[Method: GET, Route: analytics]
in APPPATH/Views/analytics.php on line 806.
 1 APPPATH/Views/analytics.php(806): CodeIgniter\Debug\Exceptions->errorHandler()
 2 [internal function]: CodeIgniter\View\View->{closure}()
 3 APPPATH/Views/analytics.php(807): array_map()
 4 SYSTEMPATH/View/View.php(224): include('/var/www/udara/app/Views/analytics.php')
 5 SYSTEMPATH/View/View.php(227): CodeIgniter\View\View->CodeIgniter\View\{closure}()
 6 SYSTEMPATH/Common.php(1173): CodeIgniter\View\View->render()
 7 APPPATH/Controllers/Home.php(284): view()
 8 SYSTEMPATH/CodeIgniter.php(933): App\Controllers\Home->analytics()
 9 SYSTEMPATH/CodeIgniter.php(507): CodeIgniter\CodeIgniter->runController()
10 SYSTEMPATH/CodeIgniter.php(354): CodeIgniter\CodeIgniter->handleRequest()
11 SYSTEMPATH/Boot.php(334): CodeIgniter\CodeIgniter->run()
12 SYSTEMPATH/Boot.php(67): CodeIgniter\Boot::runCodeIgniter()
13 FCPATH/index.php(56): CodeIgniter\Boot::bootWeb()
CRITICAL - 2025-04-29 15:47:33 --> ErrorException: Undefined property: stdClass::$ispu_pm25
[Method: GET, Route: analytics]
in APPPATH/Views/analytics.php on line 806.
 1 APPPATH/Views/analytics.php(806): CodeIgniter\Debug\Exceptions->errorHandler()
 2 [internal function]: CodeIgniter\View\View->{closure}()
 3 APPPATH/Views/analytics.php(807): array_map()
 4 SYSTEMPATH/View/View.php(224): include('/var/www/udara/app/Views/analytics.php')
 5 SYSTEMPATH/View/View.php(227): CodeIgniter\View\View->CodeIgniter\View\{closure}()
 6 SYSTEMPATH/Common.php(1173): CodeIgniter\View\View->render()
 7 APPPATH/Controllers/Home.php(284): view()
 8 SYSTEMPATH/CodeIgniter.php(933): App\Controllers\Home->analytics()
 9 SYSTEMPATH/CodeIgniter.php(507): CodeIgniter\CodeIgniter->runController()
10 SYSTEMPATH/CodeIgniter.php(354): CodeIgniter\CodeIgniter->handleRequest()
11 SYSTEMPATH/Boot.php(334): CodeIgniter\CodeIgniter->run()
12 SYSTEMPATH/Boot.php(67): CodeIgniter\Boot::runCodeIgniter()
13 FCPATH/index.php(56): CodeIgniter\Boot::bootWeb()
CRITICAL - 2025-04-29 15:48:53 --> ErrorException: Undefined property: stdClass::$ispu_pm25
[Method: GET, Route: analytics]
in APPPATH/Views/analytics.php on line 806.
 1 APPPATH/Views/analytics.php(806): CodeIgniter\Debug\Exceptions->errorHandler()
 2 [internal function]: CodeIgniter\View\View->{closure}()
 3 APPPATH/Views/analytics.php(807): array_map()
 4 SYSTEMPATH/View/View.php(224): include('/var/www/udara/app/Views/analytics.php')
 5 SYSTEMPATH/View/View.php(227): CodeIgniter\View\View->CodeIgniter\View\{closure}()
 6 SYSTEMPATH/Common.php(1173): CodeIgniter\View\View->render()
 7 APPPATH/Controllers/Home.php(284): view()
 8 SYSTEMPATH/CodeIgniter.php(933): App\Controllers\Home->analytics()
 9 SYSTEMPATH/CodeIgniter.php(507): CodeIgniter\CodeIgniter->runController()
10 SYSTEMPATH/CodeIgniter.php(354): CodeIgniter\CodeIgniter->handleRequest()
11 SYSTEMPATH/Boot.php(334): CodeIgniter\CodeIgniter->run()
12 SYSTEMPATH/Boot.php(67): CodeIgniter\Boot::runCodeIgniter()
13 FCPATH/index.php(56): CodeIgniter\Boot::bootWeb()
CRITICAL - 2025-04-29 15:51:16 --> ErrorException: Undefined property: stdClass::$aqi
[Method: GET, Route: analytics]
in APPPATH/Views/analytics.php on line 806.
 1 APPPATH/Views/analytics.php(806): CodeIgniter\Debug\Exceptions->errorHandler()
 2 [internal function]: CodeIgniter\View\View->{closure}()
 3 APPPATH/Views/analytics.php(807): array_map()
 4 SYSTEMPATH/View/View.php(224): include('/var/www/udara/app/Views/analytics.php')
 5 SYSTEMPATH/View/View.php(227): CodeIgniter\View\View->CodeIgniter\View\{closure}()
 6 SYSTEMPATH/Common.php(1173): CodeIgniter\View\View->render()
 7 APPPATH/Controllers/Home.php(284): view()
 8 SYSTEMPATH/CodeIgniter.php(933): App\Controllers\Home->analytics()
 9 SYSTEMPATH/CodeIgniter.php(507): CodeIgniter\CodeIgniter->runController()
10 SYSTEMPATH/CodeIgniter.php(354): CodeIgniter\CodeIgniter->handleRequest()
11 SYSTEMPATH/Boot.php(334): CodeIgniter\CodeIgniter->run()
12 SYSTEMPATH/Boot.php(67): CodeIgniter\Boot::runCodeIgniter()
13 FCPATH/index.php(56): CodeIgniter\Boot::bootWeb()
CRITICAL - 2025-04-29 15:53:02 --> ErrorException: Undefined property: stdClass::$ispu_pm25
[Method: GET, Route: analytics]
in APPPATH/Views/analytics.php on line 806.
 1 APPPATH/Views/analytics.php(806): CodeIgniter\Debug\Exceptions->errorHandler()
 2 [internal function]: CodeIgniter\View\View->{closure}()
 3 APPPATH/Views/analytics.php(807): array_map()
 4 SYSTEMPATH/View/View.php(224): include('/var/www/udara/app/Views/analytics.php')
 5 SYSTEMPATH/View/View.php(227): CodeIgniter\View\View->CodeIgniter\View\{closure}()
 6 SYSTEMPATH/Common.php(1173): CodeIgniter\View\View->render()
 7 APPPATH/Controllers/Home.php(284): view()
 8 SYSTEMPATH/CodeIgniter.php(933): App\Controllers\Home->analytics()
 9 SYSTEMPATH/CodeIgniter.php(507): CodeIgniter\CodeIgniter->runController()
10 SYSTEMPATH/CodeIgniter.php(354): CodeIgniter\CodeIgniter->handleRequest()
11 SYSTEMPATH/Boot.php(334): CodeIgniter\CodeIgniter->run()
12 SYSTEMPATH/Boot.php(67): CodeIgniter\Boot::runCodeIgniter()
13 FCPATH/index.php(56): CodeIgniter\Boot::bootWeb()
CRITICAL - 2025-04-29 16:02:51 --> ErrorException: Undefined variable $latest_aqi
[Method: GET, Route: analytics]
in APPPATH/Views/analytics.php on line 629.
 1 APPPATH/Views/analytics.php(629): CodeIgniter\Debug\Exceptions->errorHandler()
 2 SYSTEMPATH/View/View.php(224): include('/var/www/udara/app/Views/analytics.php')
 3 SYSTEMPATH/View/View.php(227): CodeIgniter\View\View->CodeIgniter\View\{closure}()
 4 SYSTEMPATH/Common.php(1173): CodeIgniter\View\View->render()
 5 APPPATH/Controllers/Home.php(269): view()
 6 SYSTEMPATH/CodeIgniter.php(933): App\Controllers\Home->analytics()
 7 SYSTEMPATH/CodeIgniter.php(507): CodeIgniter\CodeIgniter->runController()
 8 SYSTEMPATH/CodeIgniter.php(354): CodeIgniter\CodeIgniter->handleRequest()
 9 SYSTEMPATH/Boot.php(334): CodeIgniter\CodeIgniter->run()
10 SYSTEMPATH/Boot.php(67): CodeIgniter\Boot::runCodeIgniter()
11 FCPATH/index.php(56): CodeIgniter\Boot::bootWeb()
ERROR - 2025-04-29 16:22:09 --> Gemini API Error: 22 : The requested URL returned error: 404 
ERROR - 2025-04-29 16:22:20 --> Gemini API Error: 22 : The requested URL returned error: 404 
ERROR - 2025-04-29 16:22:29 --> Gemini API Error: 22 : The requested URL returned error: 404 
ERROR - 2025-04-29 16:25:50 --> Gemini API Error: 22 : The requested URL returned error: 404 
ERROR - 2025-04-29 16:56:07 --> Gemini API Error: 22 : The requested URL returned error: 404 
ERROR - 2025-04-29 17:09:20 --> Gemini API Error: 22 : The requested URL returned error: 404 
ERROR - 2025-04-29 17:09:21 --> Gemini API Error: 22 : The requested URL returned error: 404 
ERROR - 2025-04-29 17:09:27 --> Gemini API Error: 22 : The requested URL returned error: 404 
ERROR - 2025-04-29 17:09:29 --> Gemini API Error: 22 : The requested URL returned error: 404 
ERROR - 2025-04-29 17:12:15 --> Gemini API Error: 22 : The requested URL returned error: 404 
CRITICAL - 2025-04-29 17:13:13 --> ParseError: syntax error, unexpected double-quoted string "ðŸŒ«ï¸ https://udara.unis.ac...."
[Method: GET, Route: udara/fetch-send]
in APPPATH/Controllers/AuthController.php on line 321.
 1 SYSTEMPATH/Autoloader/Autoloader.php(295): CodeIgniter\Autoloader\Autoloader->includeFile()
 2 SYSTEMPATH/Autoloader/Autoloader.php(271): CodeIgniter\Autoloader\Autoloader->loadInNamespace()
 3 [internal function]: CodeIgniter\Autoloader\Autoloader->loadClass()
 4 SYSTEMPATH/CodeIgniter.php(885): class_exists()
 5 SYSTEMPATH/CodeIgniter.php(494): CodeIgniter\CodeIgniter->startController()
 6 SYSTEMPATH/CodeIgniter.php(354): CodeIgniter\CodeIgniter->handleRequest()
 7 SYSTEMPATH/Boot.php(334): CodeIgniter\CodeIgniter->run()
 8 SYSTEMPATH/Boot.php(67): CodeIgniter\Boot::runCodeIgniter()
 9 FCPATH/index.php(56): CodeIgniter\Boot::bootWeb()
CRITICAL - 2025-04-29 17:14:19 --> ParseError: syntax error, unexpected double-quoted string "ðŸŒ«ï¸ https://udara.unis.ac...."
[Method: GET, Route: udara/fetch-send]
in APPPATH/Controllers/AuthController.php on line 321.
 1 SYSTEMPATH/Autoloader/Autoloader.php(295): CodeIgniter\Autoloader\Autoloader->includeFile()
 2 SYSTEMPATH/Autoloader/Autoloader.php(271): CodeIgniter\Autoloader\Autoloader->loadInNamespace()
 3 [internal function]: CodeIgniter\Autoloader\Autoloader->loadClass()
 4 SYSTEMPATH/CodeIgniter.php(885): class_exists()
 5 SYSTEMPATH/CodeIgniter.php(494): CodeIgniter\CodeIgniter->startController()
 6 SYSTEMPATH/CodeIgniter.php(354): CodeIgniter\CodeIgniter->handleRequest()
 7 SYSTEMPATH/Boot.php(334): CodeIgniter\CodeIgniter->run()
 8 SYSTEMPATH/Boot.php(67): CodeIgniter\Boot::runCodeIgniter()
 9 FCPATH/index.php(56): CodeIgniter\Boot::bootWeb()
CRITICAL - 2025-04-29 17:14:37 --> ParseError: syntax error, unexpected double-quoted string "ðŸŒ«ï¸ https://udara.unis.ac...."
[Method: GET, Route: udara/fetch-send]
in APPPATH/Controllers/AuthController.php on line 321.
 1 SYSTEMPATH/Autoloader/Autoloader.php(295): CodeIgniter\Autoloader\Autoloader->includeFile()
 2 SYSTEMPATH/Autoloader/Autoloader.php(271): CodeIgniter\Autoloader\Autoloader->loadInNamespace()
 3 [internal function]: CodeIgniter\Autoloader\Autoloader->loadClass()
 4 SYSTEMPATH/CodeIgniter.php(885): class_exists()
 5 SYSTEMPATH/CodeIgniter.php(494): CodeIgniter\CodeIgniter->startController()
 6 SYSTEMPATH/CodeIgniter.php(354): CodeIgniter\CodeIgniter->handleRequest()
 7 SYSTEMPATH/Boot.php(334): CodeIgniter\CodeIgniter->run()
 8 SYSTEMPATH/Boot.php(67): CodeIgniter\Boot::runCodeIgniter()
 9 FCPATH/index.php(56): CodeIgniter\Boot::bootWeb()
CRITICAL - 2025-04-29 17:16:27 --> ParseError: syntax error, unexpected double-quoted string "ðŸŒ«ï¸ https://udara.unis.ac...."
[Method: GET, Route: udara/fetch-send]
in APPPATH/Controllers/AuthController.php on line 321.
 1 SYSTEMPATH/Autoloader/Autoloader.php(295): CodeIgniter\Autoloader\Autoloader->includeFile()
 2 SYSTEMPATH/Autoloader/Autoloader.php(271): CodeIgniter\Autoloader\Autoloader->loadInNamespace()
 3 [internal function]: CodeIgniter\Autoloader\Autoloader->loadClass()
 4 SYSTEMPATH/CodeIgniter.php(885): class_exists()
 5 SYSTEMPATH/CodeIgniter.php(494): CodeIgniter\CodeIgniter->startController()
 6 SYSTEMPATH/CodeIgniter.php(354): CodeIgniter\CodeIgniter->handleRequest()
 7 SYSTEMPATH/Boot.php(334): CodeIgniter\CodeIgniter->run()
 8 SYSTEMPATH/Boot.php(67): CodeIgniter\Boot::runCodeIgniter()
 9 FCPATH/index.php(56): CodeIgniter\Boot::bootWeb()
CRITICAL - 2025-04-29 17:17:22 --> ParseError: syntax error, unexpected double-quoted string "ðŸŒ«ï¸ https://udara.unis.ac...."
[Method: GET, Route: udara/fetch-send]
in APPPATH/Controllers/AuthController.php on line 321.
 1 SYSTEMPATH/Autoloader/Autoloader.php(295): CodeIgniter\Autoloader\Autoloader->includeFile()
 2 SYSTEMPATH/Autoloader/Autoloader.php(271): CodeIgniter\Autoloader\Autoloader->loadInNamespace()
 3 [internal function]: CodeIgniter\Autoloader\Autoloader->loadClass()
 4 SYSTEMPATH/CodeIgniter.php(885): class_exists()
 5 SYSTEMPATH/CodeIgniter.php(494): CodeIgniter\CodeIgniter->startController()
 6 SYSTEMPATH/CodeIgniter.php(354): CodeIgniter\CodeIgniter->handleRequest()
 7 SYSTEMPATH/Boot.php(334): CodeIgniter\CodeIgniter->run()
 8 SYSTEMPATH/Boot.php(67): CodeIgniter\Boot::runCodeIgniter()
 9 FCPATH/index.php(56): CodeIgniter\Boot::bootWeb()
CRITICAL - 2025-04-29 17:21:56 --> ParseError: syntax error, unexpected token "<", expecting "function" or "const"
[Method: GET, Route: udara/fetch-send]
in APPPATH/Controllers/AuthController.php on line 237.
 1 SYSTEMPATH/Autoloader/Autoloader.php(295): CodeIgniter\Autoloader\Autoloader->includeFile()
 2 SYSTEMPATH/Autoloader/Autoloader.php(271): CodeIgniter\Autoloader\Autoloader->loadInNamespace()
 3 [internal function]: CodeIgniter\Autoloader\Autoloader->loadClass()
 4 SYSTEMPATH/CodeIgniter.php(885): class_exists()
 5 SYSTEMPATH/CodeIgniter.php(494): CodeIgniter\CodeIgniter->startController()
 6 SYSTEMPATH/CodeIgniter.php(354): CodeIgniter\CodeIgniter->handleRequest()
 7 SYSTEMPATH/Boot.php(334): CodeIgniter\CodeIgniter->run()
 8 SYSTEMPATH/Boot.php(67): CodeIgniter\Boot::runCodeIgniter()
 9 FCPATH/index.php(56): CodeIgniter\Boot::bootWeb()
CRITICAL - 2025-04-29 17:25:48 --> ParseError: syntax error, unexpected token "public", expecting end of file
[Method: GET, Route: udara/fetch-send]
in APPPATH/Controllers/AuthController.php on line 401.
 1 SYSTEMPATH/Autoloader/Autoloader.php(295): CodeIgniter\Autoloader\Autoloader->includeFile()
 2 SYSTEMPATH/Autoloader/Autoloader.php(271): CodeIgniter\Autoloader\Autoloader->loadInNamespace()
 3 [internal function]: CodeIgniter\Autoloader\Autoloader->loadClass()
 4 SYSTEMPATH/CodeIgniter.php(885): class_exists()
 5 SYSTEMPATH/CodeIgniter.php(494): CodeIgniter\CodeIgniter->startController()
 6 SYSTEMPATH/CodeIgniter.php(354): CodeIgniter\CodeIgniter->handleRequest()
 7 SYSTEMPATH/Boot.php(334): CodeIgniter\CodeIgniter->run()
 8 SYSTEMPATH/Boot.php(67): CodeIgniter\Boot::runCodeIgniter()
 9 FCPATH/index.php(56): CodeIgniter\Boot::bootWeb()
CRITICAL - 2025-04-29 17:25:52 --> ParseError: syntax error, unexpected token "public", expecting end of file
[Method: GET, Route: udara/fetch-send]
in APPPATH/Controllers/AuthController.php on line 401.
 1 SYSTEMPATH/Autoloader/Autoloader.php(295): CodeIgniter\Autoloader\Autoloader->includeFile()
 2 SYSTEMPATH/Autoloader/Autoloader.php(271): CodeIgniter\Autoloader\Autoloader->loadInNamespace()
 3 [internal function]: CodeIgniter\Autoloader\Autoloader->loadClass()
 4 SYSTEMPATH/CodeIgniter.php(885): class_exists()
 5 SYSTEMPATH/CodeIgniter.php(494): CodeIgniter\CodeIgniter->startController()
 6 SYSTEMPATH/CodeIgniter.php(354): CodeIgniter\CodeIgniter->handleRequest()
 7 SYSTEMPATH/Boot.php(334): CodeIgniter\CodeIgniter->run()
 8 SYSTEMPATH/Boot.php(67): CodeIgniter\Boot::runCodeIgniter()
 9 FCPATH/index.php(56): CodeIgniter\Boot::bootWeb()
CRITICAL - 2025-04-29 17:26:23 --> TypeError: App\Controllers\AuthController::fetchAndSend(): Return value must be of type App\Controllers\ResponseInterface, CodeIgniter\HTTP\Response returned
[Method: GET, Route: udara/fetch-send]
in APPPATH/Controllers/AuthController.php on line 263.
 1 SYSTEMPATH/CodeIgniter.php(933): App\Controllers\AuthController->fetchAndSend()
 2 SYSTEMPATH/CodeIgniter.php(507): CodeIgniter\CodeIgniter->runController()
 3 SYSTEMPATH/CodeIgniter.php(354): CodeIgniter\CodeIgniter->handleRequest()
 4 SYSTEMPATH/Boot.php(334): CodeIgniter\CodeIgniter->run()
 5 SYSTEMPATH/Boot.php(67): CodeIgniter\Boot::runCodeIgniter()
 6 FCPATH/index.php(56): CodeIgniter\Boot::bootWeb()
CRITICAL - 2025-04-29 17:26:39 --> Error: Class "App\Controllers\DateTime" not found
[Method: GET, Route: udara/fetch-send]
in APPPATH/Controllers/AuthController.php on line 303.
 1 SYSTEMPATH/CodeIgniter.php(933): App\Controllers\AuthController->fetchAndSend()
 2 SYSTEMPATH/CodeIgniter.php(507): CodeIgniter\CodeIgniter->runController()
 3 SYSTEMPATH/CodeIgniter.php(354): CodeIgniter\CodeIgniter->handleRequest()
 4 SYSTEMPATH/Boot.php(334): CodeIgniter\CodeIgniter->run()
 5 SYSTEMPATH/Boot.php(67): CodeIgniter\Boot::runCodeIgniter()
 6 FCPATH/index.php(56): CodeIgniter\Boot::bootWeb()
CRITICAL - 2025-04-29 17:30:01 --> Error: Class "App\Controllers\DateTime" not found
[Method: GET, Route: udara/fetch-send]
in APPPATH/Controllers/AuthController.php on line 303.
 1 SYSTEMPATH/CodeIgniter.php(933): App\Controllers\AuthController->fetchAndSend()
 2 SYSTEMPATH/CodeIgniter.php(507): CodeIgniter\CodeIgniter->runController()
 3 SYSTEMPATH/CodeIgniter.php(354): CodeIgniter\CodeIgniter->handleRequest()
 4 SYSTEMPATH/Boot.php(334): CodeIgniter\CodeIgniter->run()
 5 SYSTEMPATH/Boot.php(67): CodeIgniter\Boot::runCodeIgniter()
 6 FCPATH/index.php(56): CodeIgniter\Boot::bootWeb()
CRITICAL - 2025-04-29 17:30:47 --> ParseError: syntax error, unexpected token "{"
[Method: GET, Route: udara/fetch-send]
in APPPATH/Controllers/AuthController.php on line 300.
 1 SYSTEMPATH/Autoloader/Autoloader.php(295): CodeIgniter\Autoloader\Autoloader->includeFile()
 2 SYSTEMPATH/Autoloader/Autoloader.php(271): CodeIgniter\Autoloader\Autoloader->loadInNamespace()
 3 [internal function]: CodeIgniter\Autoloader\Autoloader->loadClass()
 4 SYSTEMPATH/CodeIgniter.php(885): class_exists()
 5 SYSTEMPATH/CodeIgniter.php(494): CodeIgniter\CodeIgniter->startController()
 6 SYSTEMPATH/CodeIgniter.php(354): CodeIgniter\CodeIgniter->handleRequest()
 7 SYSTEMPATH/Boot.php(334): CodeIgniter\CodeIgniter->run()
 8 SYSTEMPATH/Boot.php(67): CodeIgniter\Boot::runCodeIgniter()
 9 FCPATH/index.php(56): CodeIgniter\Boot::bootWeb()
CRITICAL - 2025-04-29 17:31:24 --> ParseError: syntax error, unexpected token "{"
[Method: GET, Route: udara/fetch-send]
in APPPATH/Controllers/AuthController.php on line 300.
 1 SYSTEMPATH/Autoloader/Autoloader.php(295): CodeIgniter\Autoloader\Autoloader->includeFile()
 2 SYSTEMPATH/Autoloader/Autoloader.php(271): CodeIgniter\Autoloader\Autoloader->loadInNamespace()
 3 [internal function]: CodeIgniter\Autoloader\Autoloader->loadClass()
 4 SYSTEMPATH/CodeIgniter.php(885): class_exists()
 5 SYSTEMPATH/CodeIgniter.php(494): CodeIgniter\CodeIgniter->startController()
 6 SYSTEMPATH/CodeIgniter.php(354): CodeIgniter\CodeIgniter->handleRequest()
 7 SYSTEMPATH/Boot.php(334): CodeIgniter\CodeIgniter->run()
 8 SYSTEMPATH/Boot.php(67): CodeIgniter\Boot::runCodeIgniter()
 9 FCPATH/index.php(56): CodeIgniter\Boot::bootWeb()
CRITICAL - 2025-04-29 17:32:36 --> TypeError: App\Controllers\AuthController::fetchAndSend(): Return value must be of type App\Controllers\ResponseInterface, CodeIgniter\HTTP\Response returned
[Method: GET, Route: udara/fetch-send]
in APPPATH/Controllers/AuthController.php on line 266.
 1 SYSTEMPATH/CodeIgniter.php(933): App\Controllers\AuthController->fetchAndSend()
 2 SYSTEMPATH/CodeIgniter.php(507): CodeIgniter\CodeIgniter->runController()
 3 SYSTEMPATH/CodeIgniter.php(354): CodeIgniter\CodeIgniter->handleRequest()
 4 SYSTEMPATH/Boot.php(334): CodeIgniter\CodeIgniter->run()
 5 SYSTEMPATH/Boot.php(67): CodeIgniter\Boot::runCodeIgniter()
 6 FCPATH/index.php(56): CodeIgniter\Boot::bootWeb()
CRITICAL - 2025-04-29 17:32:55 --> Error: Class "App\Controllers\DateTime" not found
[Method: GET, Route: udara/fetch-send]
in APPPATH/Controllers/AuthController.php on line 324.
 1 SYSTEMPATH/CodeIgniter.php(933): App\Controllers\AuthController->fetchAndSend()
 2 SYSTEMPATH/CodeIgniter.php(507): CodeIgniter\CodeIgniter->runController()
 3 SYSTEMPATH/CodeIgniter.php(354): CodeIgniter\CodeIgniter->handleRequest()
 4 SYSTEMPATH/Boot.php(334): CodeIgniter\CodeIgniter->run()
 5 SYSTEMPATH/Boot.php(67): CodeIgniter\Boot::runCodeIgniter()
 6 FCPATH/index.php(56): CodeIgniter\Boot::bootWeb()
CRITICAL - 2025-04-29 17:34:02 --> Error: Class "App\Controllers\DateTime" not found
[Method: GET, Route: udara/fetch-send]
in APPPATH/Controllers/AuthController.php on line 324.
 1 SYSTEMPATH/CodeIgniter.php(933): App\Controllers\AuthController->fetchAndSend()
 2 SYSTEMPATH/CodeIgniter.php(507): CodeIgniter\CodeIgniter->runController()
 3 SYSTEMPATH/CodeIgniter.php(354): CodeIgniter\CodeIgniter->handleRequest()
 4 SYSTEMPATH/Boot.php(334): CodeIgniter\CodeIgniter->run()
 5 SYSTEMPATH/Boot.php(67): CodeIgniter\Boot::runCodeIgniter()
 6 FCPATH/index.php(56): CodeIgniter\Boot::bootWeb()
CRITICAL - 2025-04-29 17:38:15 --> Error: Class "App\Controllers\DateTime" not found
[Method: GET, Route: udara/fetch-send]
in APPPATH/Controllers/AuthController.php on line 323.
 1 SYSTEMPATH/CodeIgniter.php(933): App\Controllers\AuthController->fetchAndSend()
 2 SYSTEMPATH/CodeIgniter.php(507): CodeIgniter\CodeIgniter->runController()
 3 SYSTEMPATH/CodeIgniter.php(354): CodeIgniter\CodeIgniter->handleRequest()
 4 SYSTEMPATH/Boot.php(334): CodeIgniter\CodeIgniter->run()
 5 SYSTEMPATH/Boot.php(67): CodeIgniter\Boot::runCodeIgniter()
 6 FCPATH/index.php(56): CodeIgniter\Boot::bootWeb()
CRITICAL - 2025-04-29 17:39:24 --> Error: Class "App\Controllers\DateTime" not found
[Method: GET, Route: udara/fetch-send]
in APPPATH/Controllers/AuthController.php on line 323.
 1 SYSTEMPATH/CodeIgniter.php(933): App\Controllers\AuthController->fetchAndSend()
 2 SYSTEMPATH/CodeIgniter.php(507): CodeIgniter\CodeIgniter->runController()
 3 SYSTEMPATH/CodeIgniter.php(354): CodeIgniter\CodeIgniter->handleRequest()
 4 SYSTEMPATH/Boot.php(334): CodeIgniter\CodeIgniter->run()
 5 SYSTEMPATH/Boot.php(67): CodeIgniter\Boot::runCodeIgniter()
 6 FCPATH/index.php(56): CodeIgniter\Boot::bootWeb()
CRITICAL - 2025-04-29 17:46:34 --> CodeIgniter\Exceptions\BadMethodCallException: Call to undefined method App\Models\ResponseModel::get_all_notifications
[Method: GET, Route: admin/getNotifications]
in SYSTEMPATH/Model.php on line 930.
 1 APPPATH/Controllers/AuthController.php(416): CodeIgniter\Model->__call()
 2 SYSTEMPATH/CodeIgniter.php(933): App\Controllers\AuthController->getNotifications()
 3 SYSTEMPATH/CodeIgniter.php(507): CodeIgniter\CodeIgniter->runController()
 4 SYSTEMPATH/CodeIgniter.php(354): CodeIgniter\CodeIgniter->handleRequest()
 5 SYSTEMPATH/Boot.php(334): CodeIgniter\CodeIgniter->run()
 6 SYSTEMPATH/Boot.php(67): CodeIgniter\Boot::runCodeIgniter()
 7 FCPATH/index.php(56): CodeIgniter\Boot::bootWeb()
CRITICAL - 2025-04-29 17:48:24 --> CodeIgniter\Exceptions\BadMethodCallException: Call to undefined method App\Models\ResponseModel::get_all_notifications
[Method: GET, Route: admin/getNotifications]
in SYSTEMPATH/Model.php on line 930.
 1 APPPATH/Controllers/AuthController.php(416): CodeIgniter\Model->__call()
 2 SYSTEMPATH/CodeIgniter.php(933): App\Controllers\AuthController->getNotifications()
 3 SYSTEMPATH/CodeIgniter.php(507): CodeIgniter\CodeIgniter->runController()
 4 SYSTEMPATH/CodeIgniter.php(354): CodeIgniter\CodeIgniter->handleRequest()
 5 SYSTEMPATH/Boot.php(334): CodeIgniter\CodeIgniter->run()
 6 SYSTEMPATH/Boot.php(67): CodeIgniter\Boot::runCodeIgniter()
 7 FCPATH/index.php(56): CodeIgniter\Boot::bootWeb()
CRITICAL - 2025-04-29 17:48:28 --> CodeIgniter\Exceptions\BadMethodCallException: Call to undefined method App\Models\ResponseModel::get_all_notifications
[Method: GET, Route: admin/getNotifications]
in SYSTEMPATH/Model.php on line 930.
 1 APPPATH/Controllers/AuthController.php(416): CodeIgniter\Model->__call()
 2 SYSTEMPATH/CodeIgniter.php(933): App\Controllers\AuthController->getNotifications()
 3 SYSTEMPATH/CodeIgniter.php(507): CodeIgniter\CodeIgniter->runController()
 4 SYSTEMPATH/CodeIgniter.php(354): CodeIgniter\CodeIgniter->handleRequest()
 5 SYSTEMPATH/Boot.php(334): CodeIgniter\CodeIgniter->run()
 6 SYSTEMPATH/Boot.php(67): CodeIgniter\Boot::runCodeIgniter()
 7 FCPATH/index.php(56): CodeIgniter\Boot::bootWeb()
ERROR - 2025-04-29 17:49:50 --> Gemini API Error: 22 : The requested URL returned error: 404 
ERROR - 2025-04-29 19:21:45 --> Gemini API Error: 22 : The requested URL returned error: 404 
ERROR - 2025-04-29 22:29:43 --> Gemini API Error: 22 : The requested URL returned error: 404 
ERROR - 2025-04-29 22:30:34 --> Gemini API Error: 22 : The requested URL returned error: 404 
CRITICAL - 2025-04-29 22:30:37 --> CodeIgniter\View\Exceptions\ViewException: Invalid file: "auth/register.php"
[Method: GET, Route: register]
in SYSTEMPATH/Exceptions/FrameworkException.php on line 39.
 1 SYSTEMPATH/View/View.php(212): CodeIgniter\Exceptions\FrameworkException::forInvalidFile()
 2 SYSTEMPATH/Common.php(1173): CodeIgniter\View\View->render()
 3 APPPATH/Controllers/AuthController.php(167): view()
 4 SYSTEMPATH/CodeIgniter.php(933): App\Controllers\AuthController->showRegisterForm()
 5 SYSTEMPATH/CodeIgniter.php(507): CodeIgniter\CodeIgniter->runController()
 6 SYSTEMPATH/CodeIgniter.php(354): CodeIgniter\CodeIgniter->handleRequest()
 7 SYSTEMPATH/Boot.php(334): CodeIgniter\CodeIgniter->run()
 8 SYSTEMPATH/Boot.php(67): CodeIgniter\Boot::runCodeIgniter()
 9 FCPATH/index.php(56): CodeIgniter\Boot::bootWeb()
ERROR - 2025-04-29 22:30:42 --> Gemini API Error: 22 : The requested URL returned error: 404 
